\BOOKMARK [1][-]{section.1}{\376\377\000E\000i\000n\000l\000e\000i\000t\000u\000n\000g}{}% 1
\BOOKMARK [1][-]{section.2}{\376\377\000S\000t\000a\000n\000d\000\040\000d\000e\000r\000\040\000T\000e\000c\000h\000n\000i\000k}{}% 2
\BOOKMARK [2][-]{subsection.2.1}{\376\377\000A\000n\000d\000r\000o\000i\000d}{section.2}% 3
\BOOKMARK [2][-]{subsection.2.2}{\376\377\000K\000o\000t\000l\000i\000n}{section.2}% 4
\BOOKMARK [2][-]{subsection.2.3}{\376\377\000G\000s\000o\000n}{section.2}% 5
\BOOKMARK [2][-]{subsection.2.4}{\376\377\000G\000r\000a\000d\000l\000e}{section.2}% 6
\BOOKMARK [2][-]{subsection.2.5}{\376\377\000A\000n\000d\000r\000o\000i\000d\000\040\000S\000t\000u\000d\000i\000o}{section.2}% 7
\BOOKMARK [2][-]{subsection.2.6}{\376\377\000U\000M\000L\000e\000t}{section.2}% 8
\BOOKMARK [1][-]{section.3}{\376\377\000A\000n\000f\000o\000r\000d\000e\000r\000u\000n\000g\000e\000n}{}% 9
\BOOKMARK [2][-]{subsection.3.1}{\376\377\000M\000u\000s\000t\000\040\000H\000a\000v\000e}{section.3}% 10
\BOOKMARK [2][-]{subsection.3.2}{\376\377\000S\000h\000o\000u\000l\000d\000\040\000H\000a\000v\000e}{section.3}% 11
\BOOKMARK [2][-]{subsection.3.3}{\376\377\000C\000o\000u\000l\000d\000\040\000H\000a\000v\000e}{section.3}% 12
\BOOKMARK [2][-]{subsection.3.4}{\376\377\000W\000o\000n\000'\000t\000\040\000H\000a\000v\000e}{section.3}% 13
\BOOKMARK [1][-]{section.4}{\376\377\000A\000r\000c\000h\000i\000t\000e\000k\000t\000u\000r}{}% 14
\BOOKMARK [2][-]{subsection.4.1}{\376\377\000M\000o\000d\000e\000l\000\040\000V\000i\000e\000w\000\040\000C\000o\000n\000t\000r\000o\000l\000l\000e\000r\000\050\000M\000V\000C\000\051}{section.4}% 15
\BOOKMARK [1][-]{section.5}{\376\377\000I\000m\000p\000l\000e\000m\000e\000n\000t\000i\000e\000r\000u\000n\000g}{}% 16
\BOOKMARK [2][-]{subsection.5.1}{\376\377\000C\000h\000a\000r\000a\000k\000t\000e\000r\000e\000r\000s\000t\000e\000l\000l\000u\000n\000g}{section.5}% 17
\BOOKMARK [3][-]{section*.3}{\376\377\000O\000b\000l\000i\000g\000a\000t\000i\000o\000n\000F\000r\000a\000g\000m\000e\000n\000t\000.\000k\000t}{subsection.5.1}% 18
\BOOKMARK [3][-]{section*.4}{\376\377\000S\000p\000e\000c\000i\000e\000s\000F\000r\000a\000g\000m\000e\000n\000t\000.\000k\000t}{subsection.5.1}% 19
\BOOKMARK [3][-]{section*.5}{\376\377\000C\000a\000r\000e\000e\000r\000F\000r\000a\000g\000m\000e\000n\000t\000.\000k\000t}{subsection.5.1}% 20
\BOOKMARK [3][-]{section*.6}{\376\377\000S\000p\000e\000c\000i\000a\000l\000i\000z\000a\000t\000i\000o\000n\000F\000r\000a\000g\000m\000e\000n\000t\000.\000k\000t}{subsection.5.1}% 21
\BOOKMARK [3][-]{section*.7}{\376\377\000E\000x\000p\000e\000r\000i\000e\000n\000c\000e\000F\000r\000a\000g\000m\000e\000n\000t\000.\000k\000t}{subsection.5.1}% 22
\BOOKMARK [3][-]{section*.8}{\376\377\000A\000t\000t\000r\000i\000b\000u\000t\000e\000F\000r\000a\000g\000m\000e\000n\000t\000.\000k\000t}{subsection.5.1}% 23
\BOOKMARK [3][-]{section*.9}{\376\377\000M\000o\000t\000i\000v\000a\000t\000i\000o\000n\000F\000r\000a\000g\000m\000e\000n\000t\000.\000k\000t}{subsection.5.1}% 24
\BOOKMARK [3][-]{section*.10}{\376\377\000A\000p\000p\000e\000a\000r\000a\000n\000c\000e\000F\000r\000a\000g\000m\000e\000n\000t\000.\000k\000t}{subsection.5.1}% 25
\BOOKMARK [3][-]{section*.11}{\376\377\000G\000e\000a\000r\000F\000r\000a\000g\000m\000e\000n\000t\000.\000k\000t}{subsection.5.1}% 26
\BOOKMARK [2][-]{subsection.5.2}{\376\377\000W\000\374\000r\000f\000e\000l\000t\000o\000o\000l}{section.5}% 27
\BOOKMARK [1][-]{section.6}{\376\377\000T\000e\000s\000t\000\040\000u\000n\000d\000\040\000U\000s\000a\000b\000i\000l\000i\000t\000y}{}% 28
\BOOKMARK [1][-]{section.7}{\376\377\000Z\000u\000s\000a\000m\000m\000e\000n\000f\000a\000s\000s\000u\000n\000g}{}% 29
